#
# There is insufficient memory for the Java Runtime Environment to continue.
# Native memory allocation (malloc) failed to allocate 1171376 bytes for Chunk::new
# Possible reasons:
#   The system is out of physical RAM or swap space
#   In 32 bit mode, the process size limit was hit
# Possible solutions:
#   Reduce memory load on the system
#   Increase physical memory or swap space
#   Check if swap backing store is full
#   Use 64 bit Java on a 64 bit OS
#   Decrease Java heap size (-Xmx/-Xms)
#   Decrease number of Java threads
#   Decrease Java thread stack sizes (-Xss)
#   Set larger code cache with -XX:ReservedCodeCacheSize=
# This output file may be truncated or incomplete.
#
#  Out of Memory Error (allocation.cpp:390), pid=9780, tid=0x00000000000012e0
#
# JRE version: Java(TM) SE Runtime Environment (8.0_131-b11) (build 1.8.0_131-b11)
# Java VM: Java HotSpot(TM) 64-Bit Server VM (25.131-b11 mixed mode windows-amd64 compressed oops)
# Failed to write core dump. Minidumps are not enabled by default on client versions of Windows
#

---------------  T H R E A D  ---------------

Current thread (0x0000000016b36000):  JavaThread "C2 CompilerThread1" daemon [_thread_in_native, id=4832, stack(0x00000000182c0000,0x00000000183c0000)]

Stack: [0x00000000182c0000,0x00000000183c0000]
[error occurred during error reporting (printing stack bounds), id 0xc0000005]

Native frames: (J=compiled Java code, j=interpreted, Vv=VM code, C=native code)


Current CompileTask:
C2:14635002 39744       4       org.gradle.api.internal.tasks.compile.ApiMemberSelector::visitEnd (294 bytes)


---------------  P R O C E S S  ---------------

Java Threads: ( => current thread )
  0x000000001e0ce800 JavaThread "WorkerExecutor Queue" [_thread_blocked, id=13060, stack(0x0000000033ab0000,0x0000000033bb0000)]
  0x000000001bfa2800 JavaThread "RMI RenewClean-[127.0.0.1:17250,org.jetbrains.kotlin.daemon.common.LoopbackNetworkInterface$ClientLoopbackSocketFactory@70c2fb63]" daemon [_thread_blocked, id=6348, stack(0x00000000339b0000,0x0000000033ab0000)]
  0x000000001bfa2000 JavaThread "Cache worker for execution history cache (C:\Users\Client\Documents\TDM2\TP1\EXO1\.gradle\5.4.1\executionHistory)" [_thread_blocked, id=596, stack(0x0000000027ab0000,0x0000000027bb0000)]
  0x000000001bfa8800 JavaThread "Execution worker for ':' Thread 3" [_thread_blocked, id=3148, stack(0x0000000027710000,0x0000000027810000)]
  0x000000001bfa5800 JavaThread "Execution worker for ':' Thread 2" [_thread_blocked, id=1604, stack(0x0000000027060000,0x0000000027160000)]
  0x000000001bfa5000 JavaThread "Execution worker for ':'" [_thread_in_native, id=3592, stack(0x0000000025bc0000,0x0000000025cc0000)]
  0x000000001bfa7000 JavaThread "Cache worker for file content cache (C:\Users\Client\Documents\TDM2\TP1\EXO1\.gradle\5.4.1\fileContent)" [_thread_blocked, id=3660, stack(0x00000000256c0000,0x00000000257c0000)]
  0x000000001bf9a000 JavaThread "Cache worker for Build Output Cleanup Cache (C:\Users\Client\Documents\TDM2\TP1\EXO1\.gradle\buildOutputCleanup)" [_thread_blocked, id=12836, stack(0x0000000024660000,0x0000000024760000)]
  0x000000001bfa1000 JavaThread "Build operations Thread 4" [_thread_blocked, id=13808, stack(0x0000000024360000,0x0000000024460000)]
  0x000000001bf9f800 JavaThread "Build operations Thread 3" [_thread_blocked, id=8296, stack(0x0000000023e60000,0x0000000023f60000)]
  0x000000001bf9e000 JavaThread "Build operations Thread 2" [_thread_blocked, id=7280, stack(0x00000000225e0000,0x00000000226e0000)]
  0x0000000020fc9800 JavaThread "Build operations" [_thread_blocked, id=7672, stack(0x0000000021ce0000,0x0000000021de0000)]
  0x0000000020fca800 JavaThread "Cache worker for cache directory md-rule (C:\Users\Client\.gradle\caches\5.4.1\md-rule)" [_thread_blocked, id=3472, stack(0x00000000219b0000,0x0000000021ab0000)]
  0x0000000020fc9000 JavaThread "Cache worker for cache directory md-supplier (C:\Users\Client\.gradle\caches\5.4.1\md-supplier)" [_thread_blocked, id=1148, stack(0x000000001f230000,0x000000001f330000)]
  0x0000000020fc8000 JavaThread "Cache worker for file hash cache (C:\Users\Client\Documents\TDM2\TP1\EXO1\.gradle\5.4.1\fileHashes)" [_thread_blocked, id=5456, stack(0x000000001ee60000,0x000000001ef60000)]
  0x0000000020fbf000 JavaThread "Thread-767" [_thread_blocked, id=12332, stack(0x000000001dce0000,0x000000001dde0000)]
  0x0000000020fc6000 JavaThread "Stdin handler" [_thread_blocked, id=10004, stack(0x000000001b440000,0x000000001b540000)]
  0x0000000020fbe800 JavaThread "Asynchronous log dispatcher for DefaultDaemonConnection: socket connection from /127.0.0.1:52775 to /127.0.0.1:56066" [_thread_blocked, id=10296, stack(0x000000001b140000,0x000000001b240000)]
  0x0000000020fc2000 JavaThread "Cancel handler" [_thread_blocked, id=7060, stack(0x000000001ad40000,0x000000001ae40000)]
  0x0000000020fbd800 JavaThread "Handler for socket connection from /127.0.0.1:52775 to /127.0.0.1:56066" [_thread_in_native, id=5492, stack(0x000000001ac40000,0x000000001ad40000)]
  0x000000001e0d7000 JavaThread "RMI TCP Connection(35)-127.0.0.1" daemon [_thread_in_native, id=14304, stack(0x00000000338b0000,0x00000000339b0000)]
  0x000000001e0d6800 JavaThread "RMI Reaper" [_thread_blocked, id=9516, stack(0x00000000337b0000,0x00000000338b0000)]
  0x000000001e0d3800 JavaThread "RMI TCP Accept-0" daemon [_thread_in_native, id=9652, stack(0x0000000033010000,0x0000000033110000)]
  0x000000001e0d5000 JavaThread "RMI RenewClean-[127.0.0.1:17307,org.jetbrains.kotlin.daemon.common.LoopbackNetworkInterface$ClientLoopbackSocketFactory@22e602d0]" daemon [_thread_blocked, id=14448, stack(0x00000000303c0000,0x00000000304c0000)]
  0x000000001e0d4000 JavaThread "GC Daemon" daemon [_thread_blocked, id=5432, stack(0x000000002fe90000,0x000000002ff90000)]
  0x000000001e0cb000 JavaThread "RMI RenewClean-[127.0.0.1:17387,org.jetbrains.kotlin.daemon.common.LoopbackNetworkInterface$ClientLoopbackSocketFactory@5ff45f8d]" daemon [_thread_blocked, id=7912, stack(0x0000000029440000,0x0000000029540000)]
  0x000000001e0c9800 JavaThread "Daemon worker Thread 21" [_thread_blocked, id=14356, stack(0x000000001b040000,0x000000001b140000)]
  0x000000001e0ce000 JavaThread "Daemon Thread 21" [_thread_blocked, id=5564, stack(0x00000000011d0000,0x00000000012d0000)]
  0x000000001bf9b000 JavaThread "Cache worker for Java compile cache (C:\Users\Client\.gradle\caches\5.4.1\javaCompile)" [_thread_blocked, id=10916, stack(0x0000000027160000,0x0000000027260000)]
  0x000000001bf9d800 JavaThread "RMI TCP Accept-0" daemon [_thread_in_native, id=14660, stack(0x0000000026560000,0x0000000026660000)]
  0x0000000020fc7800 JavaThread "RMI Scheduler(0)" daemon [_thread_blocked, id=15304, stack(0x0000000026140000,0x0000000026240000)]
  0x0000000020fc0800 JavaThread "Java2D Disposer" daemon [_thread_blocked, id=10144, stack(0x0000000024f60000,0x0000000025060000)]
  0x0000000020114000 JavaThread "Cache worker for file content cache (C:\Users\Client\.gradle\caches\5.4.1\fileContent)" [_thread_blocked, id=8660, stack(0x0000000023480000,0x0000000023580000)]
  0x0000000020113800 JavaThread "Memory manager" [_thread_blocked, id=7344, stack(0x0000000022ee0000,0x0000000022fe0000)]
  0x0000000019d83000 JavaThread "Cache worker for execution history cache (C:\Users\Client\.gradle\caches\5.4.1\executionHistory)" [_thread_blocked, id=2740, stack(0x0000000021e60000,0x0000000021f60000)]
  0x0000000019d81000 JavaThread "Cache worker for journal cache (C:\Users\Client\.gradle\caches\journal-1)" [_thread_blocked, id=12952, stack(0x000000001b740000,0x000000001b840000)]
  0x0000000019d7d000 JavaThread "File lock request listener" [_thread_in_native, id=14020, stack(0x000000001b640000,0x000000001b740000)]
  0x0000000019d80000 JavaThread "Cache worker for file hash cache (C:\Users\Client\.gradle\caches\5.4.1\fileHashes)" [_thread_blocked, id=14292, stack(0x000000001b540000,0x000000001b640000)]
  0x0000000019b54800 JavaThread "Daemon periodic checks" [_thread_blocked, id=11248, stack(0x000000001ab40000,0x000000001ac40000)]
  0x0000000019b36000 JavaThread "Incoming local TCP Connector on port 52775" [_thread_in_native, id=11620, stack(0x000000001a8d0000,0x000000001a9d0000)]
  0x0000000019c53000 JavaThread "Daemon health stats" [_thread_blocked, id=14868, stack(0x000000001a290000,0x000000001a390000)]
  0x00000000184e8800 JavaThread "Service Thread" daemon [_thread_blocked, id=1548, stack(0x00000000188c0000,0x00000000189c0000)]
  0x0000000016b39000 JavaThread "C1 CompilerThread2" daemon [_thread_blocked, id=13972, stack(0x00000000183c0000,0x00000000184c0000)]
=>0x0000000016b36000 JavaThread "C2 CompilerThread1" daemon [_thread_in_native, id=4832, stack(0x00000000182c0000,0x00000000183c0000)]
  0x0000000016b2e000 JavaThread "C2 CompilerThread0" daemon [_thread_in_native, id=13960, stack(0x00000000181c0000,0x00000000182c0000)]
  0x0000000016b2c000 JavaThread "Attach Listener" daemon [_thread_blocked, id=12076, stack(0x00000000180c0000,0x00000000181c0000)]
  0x0000000016b2b000 JavaThread "Signal Dispatcher" daemon [_thread_blocked, id=6700, stack(0x0000000017fc0000,0x00000000180c0000)]
  0x0000000016b1a800 JavaThread "Finalizer" daemon [_thread_blocked, id=14968, stack(0x0000000017d90000,0x0000000017e90000)]
  0x0000000016af9000 JavaThread "Reference Handler" daemon [_thread_blocked, id=14756, stack(0x0000000017c90000,0x0000000017d90000)]
  0x000000000306e800 JavaThread "main" [_thread_blocked, id=11952, stack(0x0000000002ec0000,0x0000000002fc0000)]

Other Threads:
  0x0000000016af7800 VMThread [stack: 0x0000000017b90000,0x0000000017c90000] [id=12568]
  0x00000000184ec000 WatcherThread [stack: 0x00000000189c0000,0x0000000018ac0000] [id=12896]

VM state:not at safepoint (normal execution)

VM Mutex/Monitor currently owned by a thread: None

Heap:
 PSYoungGen      total 366080K, used 278480K [0x00000000e0000000, 0x00000000fe180000, 0x0000000100000000)
  eden space 345088K, 80% used [0x00000000e0000000,0x00000000f0ff4270,0x00000000f5100000)
  from space 20992K, 0% used [0x00000000f5100000,0x00000000f5100000,0x00000000f6580000)
  to   space 73216K, 0% used [0x00000000f9a00000,0x00000000f9a00000,0x00000000fe180000)
 ParOldGen       total 351744K, used 92603K [0x00000000a0000000, 0x00000000b5780000, 0x00000000e0000000)
  object space 351744K, 26% used [0x00000000a0000000,0x00000000a5a6ec28,0x00000000b5780000)
 Metaspace       used 187168K, capacity 194936K, committed 216960K, reserved 1239040K
  class space    used 22903K, capacity 24253K, committed 28032K, reserved 1048576K

Card table byte_map: [0x0000000012580000,0x0000000012890000] byte_map_base: 0x0000000012080000

Marking Bits: (ParMarkBitMap*) 0x000000007105c720
 Begin Bits: [0x0000000012e90000, 0x0000000014690000)
 End Bits:   [0x0000000014690000, 0x0000000015e90000)

Polling page: 0x0000000001620000

CodeCache: size=245760Kb used=105269Kb max_used=106622Kb free=140490Kb
 bounds [0x00000000031c0000, 0x0000000009ab0000, 0x00000000121c0000]
 total_blobs=30061 nmethods=29016 adapters=953
 compilation: enabled

Compilation events (10 events):
Event: 14634.848 Thread 0x0000000016b2e000 nmethod 39742 0x00000000093e00d0 code [0x00000000093e0360, 0x00000000093e1420]
Event: 14634.848 Thread 0x0000000016b2e000 39713       4       org.objectweb.asm.MethodVisitor::visitEnd (15 bytes)
Event: 14634.849 Thread 0x0000000016b2e000 nmethod 39713 0x00000000056d4b90 code [0x00000000056d4cc0, 0x00000000056d4d38]
Event: 14634.849 Thread 0x0000000016b2e000 39730       4       com.google.common.collect.RegularImmutableSortedSet::copyIntoArray (10 bytes)
Event: 14634.852 Thread 0x0000000016b2e000 nmethod 39730 0x000000000723e750 code [0x000000000723e8a0, 0x000000000723ea98]
Event: 14634.852 Thread 0x0000000016b2e000 39732       4       org.gradle.api.internal.tasks.compile.MethodStubbingApiMemberAdapter::visitMethod (69 bytes)
Event: 14634.863 Thread 0x0000000016b2e000 nmethod 39732 0x0000000004506410 code [0x00000000045065e0, 0x0000000004506cb0]
Event: 14634.863 Thread 0x0000000016b2e000 39704       4       org.objectweb.asm.FieldWriter::computeFieldInfoSize (201 bytes)
Event: 14634.869 Thread 0x0000000016b2e000 nmethod 39704 0x0000000003bba050 code [0x0000000003bba1e0, 0x0000000003bba560]
Event: 14634.886 Thread 0x0000000016b2e000 39751       4       org.gradle.api.internal.changedetection.state.CachingResourceHasher::hash (12 bytes)

GC Heap History (10 events):
Event: 9010.958 GC heap before
{Heap before GC invocations=70 (full 6):
 PSYoungGen      total 425472K, used 359548K [0x00000000e0000000, 0x00000000ff100000, 0x0000000100000000)
  eden space 340480K, 100% used [0x00000000e0000000,0x00000000f4c80000,0x00000000f4c80000)
  from space 84992K, 22% used [0x00000000f4c80000,0x00000000f5f1f068,0x00000000f9f80000)
  to   space 81920K, 0% used [0x00000000fa100000,0x00000000fa100000,0x00000000ff100000)
 ParOldGen       total 351744K, used 104069K [0x00000000a0000000, 0x00000000b5780000, 0x00000000e0000000)
  object space 351744K, 29% used [0x00000000a0000000,0x00000000a65a1658,0x00000000b5780000)
 Metaspace       used 200514K, capacity 213740K, committed 214016K, reserved 1234944K
  class space    used 25183K, capacity 27557K, committed 27648K, reserved 1048576K
Event: 9010.986 GC heap after
Heap after GC invocations=70 (full 6):
 PSYoungGen      total 416768K, used 24272K [0x00000000e0000000, 0x00000000fe800000, 0x0000000100000000)
  eden space 344064K, 0% used [0x00000000e0000000,0x00000000e0000000,0x00000000f5000000)
  from space 72704K, 33% used [0x00000000fa100000,0x00000000fb8b4238,0x00000000fe800000)
  to   space 77824K, 0% used [0x00000000f5000000,0x00000000f5000000,0x00000000f9c00000)
 ParOldGen       total 351744K, used 104077K [0x00000000a0000000, 0x00000000b5780000, 0x00000000e0000000)
  object space 351744K, 29% used [0x00000000a0000000,0x00000000a65a3658,0x00000000b5780000)
 Metaspace       used 200514K, capacity 213740K, committed 214016K, reserved 1234944K
  class space    used 25183K, capacity 27557K, committed 27648K, reserved 1048576K
}
Event: 9165.023 GC heap before
{Heap before GC invocations=71 (full 6):
 PSYoungGen      total 416768K, used 368336K [0x00000000e0000000, 0x00000000fe800000, 0x0000000100000000)
  eden space 344064K, 100% used [0x00000000e0000000,0x00000000f5000000,0x00000000f5000000)
  from space 72704K, 33% used [0x00000000fa100000,0x00000000fb8b4238,0x00000000fe800000)
  to   space 77824K, 0% used [0x00000000f5000000,0x00000000f5000000,0x00000000f9c00000)
 ParOldGen       total 351744K, used 104077K [0x00000000a0000000, 0x00000000b5780000, 0x00000000e0000000)
  object space 351744K, 29% used [0x00000000a0000000,0x00000000a65a3658,0x00000000b5780000)
 Metaspace       used 201097K, capacity 214538K, committed 214784K, reserved 1236992K
  class space    used 25231K, capacity 27642K, committed 27648K, reserved 1048576K
Event: 9165.057 GC heap after
Heap after GC invocations=71 (full 6):
 PSYoungGen      total 367104K, used 22626K [0x00000000e0000000, 0x00000000fe400000, 0x0000000100000000)
  eden space 344064K, 0% used [0x00000000e0000000,0x00000000e0000000,0x00000000f5000000)
  from space 23040K, 98% used [0x00000000f5000000,0x00000000f6618950,0x00000000f6680000)
  to   space 74240K, 0% used [0x00000000f9b80000,0x00000000f9b80000,0x00000000fe400000)
 ParOldGen       total 351744K, used 104085K [0x00000000a0000000, 0x00000000b5780000, 0x00000000e0000000)
  object space 351744K, 29% used [0x00000000a0000000,0x00000000a65a5658,0x00000000b5780000)
 Metaspace       used 201097K, capacity 214538K, committed 214784K, reserved 1236992K
  class space    used 25231K, capacity 27642K, committed 27648K, reserved 1048576K
}
Event: 14491.747 GC heap before
{Heap before GC invocations=72 (full 6):
 PSYoungGen      total 367104K, used 366690K [0x00000000e0000000, 0x00000000fe400000, 0x0000000100000000)
  eden space 344064K, 100% used [0x00000000e0000000,0x00000000f5000000,0x00000000f5000000)
  from space 23040K, 98% used [0x00000000f5000000,0x00000000f6618950,0x00000000f6680000)
  to   space 74240K, 0% used [0x00000000f9b80000,0x00000000f9b80000,0x00000000fe400000)
 ParOldGen       total 351744K, used 104085K [0x00000000a0000000, 0x00000000b5780000, 0x00000000e0000000)
  object space 351744K, 29% used [0x00000000a0000000,0x00000000a65a5658,0x00000000b5780000)
 Metaspace       used 201295K, capacity 214696K, committed 214784K, reserved 1236992K
  class space    used 25235K, capacity 27647K, committed 27648K, reserved 1048576K
Event: 14491.901 GC heap after
Heap after GC invocations=72 (full 6):
 PSYoungGen      total 419328K, used 46048K [0x00000000e0000000, 0x00000000fe780000, 0x0000000100000000)
  eden space 345088K, 0% used [0x00000000e0000000,0x00000000e0000000,0x00000000f5100000)
  from space 74240K, 62% used [0x00000000f9b80000,0x00000000fc878318,0x00000000fe400000)
  to   space 76288K, 0% used [0x00000000f5100000,0x00000000f5100000,0x00000000f9b80000)
 ParOldGen       total 351744K, used 104093K [0x00000000a0000000, 0x00000000b5780000, 0x00000000e0000000)
  object space 351744K, 29% used [0x00000000a0000000,0x00000000a65a7658,0x00000000b5780000)
 Metaspace       used 201295K, capacity 214696K, committed 214784K, reserved 1236992K
  class space    used 25235K, capacity 27647K, committed 27648K, reserved 1048576K
}
Event: 14545.726 GC heap before
{Heap before GC invocations=73 (full 6):
 PSYoungGen      total 419328K, used 364002K [0x00000000e0000000, 0x00000000fe780000, 0x0000000100000000)
  eden space 345088K, 92% used [0x00000000e0000000,0x00000000f3680500,0x00000000f5100000)
  from space 74240K, 62% used [0x00000000f9b80000,0x00000000fc878318,0x00000000fe400000)
  to   space 76288K, 0% used [0x00000000f5100000,0x00000000f5100000,0x00000000f9b80000)
 ParOldGen       total 351744K, used 104093K [0x00000000a0000000, 0x00000000b5780000, 0x00000000e0000000)
  object space 351744K, 29% used [0x00000000a0000000,0x00000000a65a7658,0x00000000b5780000)
 Metaspace       used 203031K, capacity 216666K, committed 216960K, reserved 1239040K
  class space    used 25476K, capacity 27908K, committed 28032K, reserved 1048576K
Event: 14545.765 GC heap after
Heap after GC invocations=73 (full 6):
 PSYoungGen      total 366080K, used 20528K [0x00000000e0000000, 0x00000000fe180000, 0x0000000100000000)
  eden space 345088K, 0% used [0x00000000e0000000,0x00000000e0000000,0x00000000f5100000)
  from space 20992K, 97% used [0x00000000f5100000,0x00000000f650c3c8,0x00000000f6580000)
  to   space 73216K, 0% used [0x00000000f9a00000,0x00000000f9a00000,0x00000000fe180000)
 ParOldGen       total 351744K, used 104101K [0x00000000a0000000, 0x00000000b5780000, 0x00000000e0000000)
  object space 351744K, 29% used [0x00000000a0000000,0x00000000a65a9658,0x00000000b5780000)
 Metaspace       used 203031K, capacity 216666K, committed 216960K, reserved 1239040K
  class space    used 25476K, capacity 27908K, committed 28032K, reserved 1048576K
}
Event: 14545.765 GC heap before
{Heap before GC invocations=74 (full 7):
 PSYoungGen      total 366080K, used 20528K [0x00000000e0000000, 0x00000000fe180000, 0x0000000100000000)
  eden space 345088K, 0% used [0x00000000e0000000,0x00000000e0000000,0x00000000f5100000)
  from space 20992K, 97% used [0x00000000f5100000,0x00000000f650c3c8,0x00000000f6580000)
  to   space 73216K, 0% used [0x00000000f9a00000,0x00000000f9a00000,0x00000000fe180000)
 ParOldGen       total 351744K, used 104101K [0x00000000a0000000, 0x00000000b5780000, 0x00000000e0000000)
  object space 351744K, 29% used [0x00000000a0000000,0x00000000a65a9658,0x00000000b5780000)
 Metaspace       used 203031K, capacity 216666K, committed 216960K, reserved 1239040K
  class space    used 25476K, capacity 27908K, committed 28032K, reserved 1048576K
Event: 14548.588 GC heap after
Heap after GC invocations=74 (full 7):
 PSYoungGen      total 366080K, used 0K [0x00000000e0000000, 0x00000000fe180000, 0x0000000100000000)
  eden space 345088K, 0% used [0x00000000e0000000,0x00000000e0000000,0x00000000f5100000)
  from space 20992K, 0% used [0x00000000f5100000,0x00000000f5100000,0x00000000f6580000)
  to   space 73216K, 0% used [0x00000000f9a00000,0x00000000f9a00000,0x00000000fe180000)
 ParOldGen       total 351744K, used 92603K [0x00000000a0000000, 0x00000000b5780000, 0x00000000e0000000)
  object space 351744K, 26% used [0x00000000a0000000,0x00000000a5a6ec28,0x00000000b5780000)
 Metaspace       used 186865K, capacity 194634K, committed 216960K, reserved 1239040K
  class space    used 22866K, capacity 24224K, committed 28032K, reserved 1048576K
}

Deoptimization events (10 events):
Event: 14634.114 Thread 0x000000001bfa5000 Uncommon trap: reason=bimorphic action=maybe_recompile pc=0x000000000680f8a4 method=com.google.common.collect.NaturalOrdering.compare(Ljava/lang/Comparable;Ljava/lang/Comparable;)I @ 12
Event: 14634.116 Thread 0x000000001bfa5000 Uncommon trap: reason=bimorphic action=maybe_recompile pc=0x000000000680f8a4 method=com.google.common.collect.NaturalOrdering.compare(Ljava/lang/Comparable;Ljava/lang/Comparable;)I @ 12
Event: 14634.155 Thread 0x000000001bfa5000 Uncommon trap: reason=bimorphic action=maybe_recompile pc=0x0000000007c57334 method=com.google.common.collect.NaturalOrdering.compare(Ljava/lang/Comparable;Ljava/lang/Comparable;)I @ 12
Event: 14634.305 Thread 0x000000001bfa5000 Uncommon trap: reason=class_check action=maybe_recompile pc=0x0000000008760574 method=org.objectweb.asm.ClassReader.readCode(Lorg/objectweb/asm/MethodVisitor;Lorg/objectweb/asm/Context;I)V @ 3946
Event: 14634.386 Thread 0x000000001bfa5000 Uncommon trap: reason=unstable_if action=reinterpret pc=0x0000000003dc66b0 method=org.objectweb.asm.ByteVector.putUTF8(Ljava/lang/String;)Lorg/objectweb/asm/ByteVector; @ 100
Event: 14634.400 Thread 0x000000001bfa5000 Uncommon trap: reason=unstable_if action=reinterpret pc=0x000000000826d590 method=org.objectweb.asm.ByteVector.encodeUtf8(Ljava/lang/String;II)Lorg/objectweb/asm/ByteVector; @ 51
Event: 14634.400 Thread 0x000000001bfa5000 Uncommon trap: reason=unstable_if action=reinterpret pc=0x0000000003dd09c8 method=org.objectweb.asm.ByteVector.putUTF8(Ljava/lang/String;)Lorg/objectweb/asm/ByteVector; @ 100
Event: 14634.400 Thread 0x000000001bfa5000 Uncommon trap: reason=unstable_if action=reinterpret pc=0x0000000008248728 method=org.objectweb.asm.ByteVector.encodeUtf8(Ljava/lang/String;II)Lorg/objectweb/asm/ByteVector; @ 208
Event: 14634.581 Thread 0x000000001bfa5000 Uncommon trap: reason=unstable_if action=reinterpret pc=0x00000000089389c4 method=org.objectweb.asm.ClassReader.readMethod(Lorg/objectweb/asm/ClassVisitor;Lorg/objectweb/asm/Context;I)I @ 316
Event: 14634.749 Thread 0x000000001bfa5000 Uncommon trap: reason=class_check action=maybe_recompile pc=0x0000000008760574 method=org.objectweb.asm.ClassReader.readCode(Lorg/objectweb/asm/MethodVisitor;Lorg/objectweb/asm/Context;I)V @ 3946

Internal exceptions (10 events):
Event: 14613.770 Thread 0x000000001bfa5000 Exception <a 'java/net/ConnectException': Connection refused: connect> (0x00000000e59d77e0) thrown at [C:\re\workspace\8-2-build-windows-amd64-cygwin\jdk8u131\8869\hotspot\src\share\vm\prims\jni.cpp, line 735]
Event: 14615.782 Thread 0x000000001bfa5000 Exception <a 'java/net/ConnectException': Connection refused: connect> (0x00000000e59d8878) thrown at [C:\re\workspace\8-2-build-windows-amd64-cygwin\jdk8u131\8869\hotspot\src\share\vm\prims\jni.cpp, line 735]
Event: 14617.793 Thread 0x000000001bfa5000 Exception <a 'java/net/ConnectException': Connection refused: connect> (0x00000000e59d9910) thrown at [C:\re\workspace\8-2-build-windows-amd64-cygwin\jdk8u131\8869\hotspot\src\share\vm\prims\jni.cpp, line 735]
Event: 14621.174 Thread 0x000000001bfa5000 Exception <a 'java/net/ConnectException': Connection refused: connect> (0x00000000e5a49378) thrown at [C:\re\workspace\8-2-build-windows-amd64-cygwin\jdk8u131\8869\hotspot\src\share\vm\prims\jni.cpp, line 735]
Event: 14623.189 Thread 0x000000001bfa5000 Exception <a 'java/net/ConnectException': Connection refused: connect> (0x00000000e5a4a410) thrown at [C:\re\workspace\8-2-build-windows-amd64-cygwin\jdk8u131\8869\hotspot\src\share\vm\prims\jni.cpp, line 735]
Event: 14625.202 Thread 0x000000001bfa5000 Exception <a 'java/net/ConnectException': Connection refused: connect> (0x00000000e5a4b4a8) thrown at [C:\re\workspace\8-2-build-windows-amd64-cygwin\jdk8u131\8869\hotspot\src\share\vm\prims\jni.cpp, line 735]
Event: 14625.272 Thread 0x000000001bfa2800 Exception <a 'java/lang/InterruptedException'> (0x00000000e5aab978) thrown at [C:\re\workspace\8-2-build-windows-amd64-cygwin\jdk8u131\8869\hotspot\src\share\vm\runtime\objectMonitor.cpp, line 1684]
Event: 14633.975 Thread 0x000000001bfa5000 Exception <a 'java/lang/NoSuchMethodError': <clinit>> (0x00000000e5e6f540) thrown at [C:\re\workspace\8-2-build-windows-amd64-cygwin\jdk8u131\8869\hotspot\src\share\vm\prims\jni.cpp, line 1613]
Event: 14633.976 Thread 0x000000001bfa5000 Exception <a 'java/lang/NoSuchMethodError': <clinit>> (0x00000000e5e819b8) thrown at [C:\re\workspace\8-2-build-windows-amd64-cygwin\jdk8u131\8869\hotspot\src\share\vm\prims\jni.cpp, line 1613]
Event: 14633.993 Thread 0x000000001e0ce800 Exception <a 'sun/nio/fs/WindowsException'> (0x00000000e61170c8) thrown at [C:\re\workspace\8-2-build-windows-amd64-cygwin\jdk8u131\8869\hotspot\src\share\vm\prims\jni.cpp, line 709]

Events (10 events):
Event: 14634.400 Thread 0x000000001bfa5000 DEOPT UNPACKING pc=0x000000000320582a sp=0x0000000025cbd5b8 mode 2
Event: 14634.400 Thread 0x000000001bfa5000 Uncommon trap: trap_request=0xffffff65 fr.pc=0x0000000008248728
Event: 14634.400 Thread 0x000000001bfa5000 DEOPT PACKING pc=0x0000000008248728 sp=0x0000000025cbd550
Event: 14634.400 Thread 0x000000001bfa5000 DEOPT UNPACKING pc=0x000000000320582a sp=0x0000000025cbd510 mode 2
Event: 14634.581 Thread 0x000000001bfa5000 Uncommon trap: trap_request=0xffffff65 fr.pc=0x00000000089389c4
Event: 14634.581 Thread 0x000000001bfa5000 DEOPT PACKING pc=0x00000000089389c4 sp=0x0000000025cbdb10
Event: 14634.581 Thread 0x000000001bfa5000 DEOPT UNPACKING pc=0x000000000320582a sp=0x0000000025cbdaa0 mode 2
Event: 14634.749 Thread 0x000000001bfa5000 Uncommon trap: trap_request=0xffffffde fr.pc=0x0000000008760574
Event: 14634.749 Thread 0x000000001bfa5000 DEOPT PACKING pc=0x0000000008760574 sp=0x0000000025cbd8d0
Event: 14634.749 Thread 0x000000001bfa5000 DEOPT UNPACKING pc=0x000000000320582a sp=0x0000000025cbd818 mode 2


Dynamic libraries:
0x00007ff7aab40000 - 0x00007ff7aab77000 	C:\Program Files\Java\jdk1.8.0_131\bin\java.exe
0x00007ffe7fd60000 - 0x00007ffe7ff50000 	C:\WINDOWS\SYSTEM32\ntdll.dll
0x00007ffe7de70000 - 0x00007ffe7df22000 	C:\WINDOWS\System32\KERNEL32.DLL
0x00007ffe7d060000 - 0x00007ffe7d304000 	C:\WINDOWS\System32\KERNELBASE.dll
0x00007ffe7ee70000 - 0x00007ffe7ef13000 	C:\WINDOWS\System32\ADVAPI32.dll
0x00007ffe7f3b0000 - 0x00007ffe7f44e000 	C:\WINDOWS\System32\msvcrt.dll
0x00007ffe7edd0000 - 0x00007ffe7ee67000 	C:\WINDOWS\System32\sechost.dll
0x00007ffe7e620000 - 0x00007ffe7e740000 	C:\WINDOWS\System32\RPCRT4.dll
0x00007ffe7ec30000 - 0x00007ffe7edc4000 	C:\WINDOWS\System32\USER32.dll
0x00007ffe7d310000 - 0x00007ffe7d331000 	C:\WINDOWS\System32\win32u.dll
0x00007ffe7e5f0000 - 0x00007ffe7e616000 	C:\WINDOWS\System32\GDI32.dll
0x00007ffe7dc40000 - 0x00007ffe7ddd5000 	C:\WINDOWS\System32\gdi32full.dll
0x00007ffe7ce50000 - 0x00007ffe7ceee000 	C:\WINDOWS\System32\msvcp_win.dll
0x00007ffe7cf10000 - 0x00007ffe7d00a000 	C:\WINDOWS\System32\ucrtbase.dll
0x00007ffe6c120000 - 0x00007ffe6c3a4000 	C:\WINDOWS\WinSxS\amd64_microsoft.windows.common-controls_6595b64144ccf1df_6.0.18362.900_none_e6beb9d913147d17\COMCTL32.dll
0x00007ffe7e160000 - 0x00007ffe7e495000 	C:\WINDOWS\System32\combase.dll
0x00007ffe7ccc0000 - 0x00007ffe7cd40000 	C:\WINDOWS\System32\bcryptPrimitives.dll
0x00007ffe7de40000 - 0x00007ffe7de6e000 	C:\WINDOWS\System32\IMM32.DLL
0x00000000710e0000 - 0x00000000711b2000 	C:\Program Files\Java\jdk1.8.0_131\jre\bin\msvcr100.dll
0x0000000070840000 - 0x00000000710dc000 	C:\Program Files\Java\jdk1.8.0_131\jre\bin\server\jvm.dll
0x00007ffe7e5e0000 - 0x00007ffe7e5e8000 	C:\WINDOWS\System32\PSAPI.DLL
0x00007ffe6ea10000 - 0x00007ffe6ea1a000 	C:\WINDOWS\SYSTEM32\VERSION.dll
0x00007ffe7ad60000 - 0x00007ffe7ad84000 	C:\WINDOWS\SYSTEM32\WINMM.dll
0x00007ffe68020000 - 0x00007ffe68029000 	C:\WINDOWS\SYSTEM32\WSOCK32.dll
0x00007ffe7ebc0000 - 0x00007ffe7ec2f000 	C:\WINDOWS\System32\WS2_32.dll
0x00007ffe7ad30000 - 0x00007ffe7ad5d000 	C:\WINDOWS\SYSTEM32\winmmbase.dll
0x00007ffe7d010000 - 0x00007ffe7d05a000 	C:\WINDOWS\System32\cfgmgr32.dll
0x0000000070830000 - 0x000000007083f000 	C:\Program Files\Java\jdk1.8.0_131\jre\bin\verify.dll
0x0000000070800000 - 0x0000000070829000 	C:\Program Files\Java\jdk1.8.0_131\jre\bin\java.dll
0x00000000707e0000 - 0x00000000707f6000 	C:\Program Files\Java\jdk1.8.0_131\jre\bin\zip.dll
0x00007ffe7f450000 - 0x00007ffe7fb36000 	C:\WINDOWS\System32\SHELL32.dll
0x00007ffe7eb10000 - 0x00007ffe7ebb9000 	C:\WINDOWS\System32\shcore.dll
0x00007ffe7d4c0000 - 0x00007ffe7dc40000 	C:\WINDOWS\System32\windows.storage.dll
0x00007ffe7cc90000 - 0x00007ffe7ccb3000 	C:\WINDOWS\System32\profapi.dll
0x00007ffe7cc20000 - 0x00007ffe7cc6a000 	C:\WINDOWS\System32\powrprof.dll
0x00007ffe7cbf0000 - 0x00007ffe7cc00000 	C:\WINDOWS\System32\UMPDC.dll
0x00007ffe7e7f0000 - 0x00007ffe7e842000 	C:\WINDOWS\System32\shlwapi.dll
0x00007ffe7cc70000 - 0x00007ffe7cc81000 	C:\WINDOWS\System32\kernel.appcore.dll
0x00007ffe7cef0000 - 0x00007ffe7cf07000 	C:\WINDOWS\System32\cryptsp.dll
0x00000000707c0000 - 0x00000000707da000 	C:\Program Files\Java\jdk1.8.0_131\jre\bin\net.dll
0x00007ffe7c460000 - 0x00007ffe7c4c7000 	C:\WINDOWS\system32\mswsock.dll
0x00000000707a0000 - 0x00000000707b1000 	C:\Program Files\Java\jdk1.8.0_131\jre\bin\nio.dll
0x00007ffe70d30000 - 0x00007ffe70d56000 	C:\Users\Client\.gradle\native\29\windows-amd64\native-platform.dll
0x0000000070790000 - 0x000000007079d000 	C:\Program Files\Java\jdk1.8.0_131\jre\bin\management.dll
0x00007ffe7bfd0000 - 0x00007ffe7c003000 	C:\WINDOWS\system32\rsaenh.dll
0x00007ffe7d340000 - 0x00007ffe7d366000 	C:\WINDOWS\System32\bcrypt.dll
0x00007ffe7cae0000 - 0x00007ffe7cb05000 	C:\WINDOWS\SYSTEM32\USERENV.dll
0x00007ffe7c630000 - 0x00007ffe7c63c000 	C:\WINDOWS\SYSTEM32\CRYPTBASE.dll
0x00007ffe7c170000 - 0x00007ffe7c1aa000 	C:\WINDOWS\SYSTEM32\IPHLPAPI.DLL
0x00007ffe7fc10000 - 0x00007ffe7fc18000 	C:\WINDOWS\System32\NSI.dll
0x00007ffe73550000 - 0x00007ffe73566000 	C:\WINDOWS\SYSTEM32\dhcpcsvc6.DLL
0x00007ffe734b0000 - 0x00007ffe734cc000 	C:\WINDOWS\SYSTEM32\dhcpcsvc.DLL
0x00007ffe7c1b0000 - 0x00007ffe7c27b000 	C:\WINDOWS\SYSTEM32\DNSAPI.dll
0x00000000705f0000 - 0x0000000070788000 	C:\Program Files\Java\jdk1.8.0_131\jre\bin\awt.dll
0x00007ffe7fc20000 - 0x00007ffe7fce5000 	C:\WINDOWS\System32\OLEAUT32.dll
0x00007ffe7aeb0000 - 0x00007ffe7af3f000 	C:\WINDOWS\SYSTEM32\apphelp.dll
0x00007ffe7b560000 - 0x00007ffe7b58d000 	C:\WINDOWS\system32\DWMAPI.DLL
0x00007ffe7b1d0000 - 0x00007ffe7b269000 	C:\WINDOWS\system32\uxtheme.dll
0x00000000705c0000 - 0x00000000705ea000 	C:\Program Files\Java\jdk1.8.0_131\jre\bin\dcpr.dll
0x0000000066e00000 - 0x0000000066f03000 	C:\Users\Client\AppData\Local\Temp\sqlite-3.25.2-d73a024c-b79d-4264-b323-c7d868a09f3e-sqlitejdbc.dll
0x0000000025cc0000 - 0x0000000025dc3000 	C:\Users\Client\AppData\Local\Temp\sqlite-3.25.2-c1f93383-f21e-4d66-bbf7-385d1ec2af82-sqlitejdbc.dll
0x0000000026000000 - 0x0000000026103000 	C:\Users\Client\AppData\Local\Temp\sqlite-3.25.2-340cfc01-3d07-4655-9934-b7bd1e5cb4c4-sqlitejdbc.dll
0x0000000030ac0000 - 0x0000000030bc3000 	C:\Users\Client\AppData\Local\Temp\sqlite-3.25.2-19ece8a4-73a8-4607-b6ef-bc2660188890-sqlitejdbc.dll
0x0000000031290000 - 0x0000000031393000 	C:\Users\Client\AppData\Local\Temp\sqlite-3.25.2-e37c8055-9fc7-480f-bda0-2d7745ea28c0-sqlitejdbc.dll
0x000000002f780000 - 0x000000002f883000 	C:\Users\Client\AppData\Local\Temp\sqlite-3.25.2-63a76ce9-12e7-45eb-87cb-f1d143c3b80d-sqlitejdbc.dll
0x0000000070590000 - 0x00000000705b4000 	C:\Program Files\Java\jdk1.8.0_131\jre\bin\sunec.dll
0x00007ffe71b50000 - 0x00007ffe71b5a000 	C:\Windows\System32\rasadhlp.dll
0x00007ffe72410000 - 0x00007ffe72487000 	C:\WINDOWS\System32\fwpuclnt.dll
0x0000000070580000 - 0x000000007058b000 	C:\Program Files\Java\jdk1.8.0_131\jre\bin\sunmscapi.dll
0x00007ffe7d370000 - 0x00007ffe7d4b9000 	C:\WINDOWS\System32\CRYPT32.dll
0x00007ffe7cc00000 - 0x00007ffe7cc12000 	C:\WINDOWS\System32\MSASN1.dll
0x00007ffe63db0000 - 0x00007ffe63dce000 	C:\Users\Client\AppData\Local\Temp\native-platform5994548848435007477dir\native-platform.dll

VM Arguments:
jvm_args: -Xmx1536m -Dfile.encoding=windows-1252 -Duser.country=FR -Duser.language=fr -Duser.variant 
java_command: org.gradle.launcher.daemon.bootstrap.GradleDaemon 5.4.1
java_class_path (initial): C:\Users\Client\.gradle\wrapper\dists\gradle-5.4.1-all\3221gyojl5jsh0helicew7rwx\gradle-5.4.1\lib\gradle-launcher-5.4.1.jar
Launcher Type: SUN_STANDARD

Environment Variables:
JAVA_HOME=C:\Program Files\Java\jdk1.8.0_131
USERNAME=Client
OS=Windows_NT
PROCESSOR_IDENTIFIER=Intel64 Family 6 Model 58 Stepping 9, GenuineIntel



---------------  S Y S T E M  ---------------

OS: Windows 10.0 , 64 bit Build 18362 (10.0.18362.900)

CPU:total 4 (initial active 4) (2 cores per cpu, 2 threads per core) family 6 model 58 stepping 9, cmov, cx8, fxsr, mmx, sse, sse2, sse3, ssse3, sse4.1, sse4.2, popcnt, avx, aes, clmul, erms, ht, tsc, tscinvbit, tscinv

Memory: 4k page, physical 8248880k(1531244k free), swap 8773168k(6096k free)

vm_info: Java HotSpot(TM) 64-Bit Server VM (25.131-b11) for windows-amd64 JRE (1.8.0_131-b11), built on Mar 15 2017 01:23:53 by "java_re" with MS VC++ 10.0 (VS2010)

time: Tue Jul 14 18:49:24 2020
elapsed time: 14635 seconds (0d 4h 3m 55s)

